c:\users\satoukibi2030\desktop\png読み込み用ライブラリ\lpng1621\projects\vstudio\debug library\pngunknown.bsc
c:\sdk\libpng\アーカイブ\lpng1621\projects\vstudio\debug library\pngunknown.bsc
c:\users\satoukibi2030\desktop\png読み込み用ライブラリ\lpng1621\projects\vstudio\pngunknown\debug library\pngunknown.sbr
c:\users\satoukibi2030\desktop\png読み込み用ライブラリ\lpng1621\projects\vstudio\pngunknown\debug library\pngunknown.obj
c:\users\satoukibi2030\desktop\png読み込み用ライブラリ\lpng1621\projects\vstudio\pngunknown\debug library\vc100.pdb
c:\sdk\libpng\アーカイブ\lpng1621\projects\vstudio\pngunknown\debug library\pngunknown.sbr
c:\sdk\libpng\アーカイブ\lpng1621\projects\vstudio\pngunknown\debug library\pngunknown.obj
c:\sdk\libpng\アーカイブ\lpng1621\projects\vstudio\pngunknown\debug library\vc100.pdb
c:\users\satoukibi2030\desktop\png読み込み用ライブラリ\lpng1621\projects\vstudio\debug library\pngunknown.exe
c:\users\satoukibi2030\desktop\png読み込み用ライブラリ\lpng1621\projects\vstudio\pngunknown\debug library\pngunknown.exe.intermediate.manifest
c:\users\satoukibi2030\desktop\png読み込み用ライブラリ\lpng1621\projects\vstudio\debug library\pngunknown.pdb
c:\sdk\libpng\アーカイブ\lpng1621\projects\vstudio\debug library\pngunknown.exe
c:\sdk\libpng\アーカイブ\lpng1621\projects\vstudio\pngunknown\debug library\pngunknown.exe.intermediate.manifest
c:\sdk\libpng\アーカイブ\lpng1621\projects\vstudio\debug library\pngunknown.pdb
c:\users\satoukibi2030\desktop\png読み込み用ライブラリ\lpng1621\projects\vstudio\pngunknown\debug library\pngunknown.out
c:\sdk\libpng\アーカイブ\lpng1621\projects\vstudio\pngunknown\debug library\pngunknown.out
c:\sdk\libpng\アーカイブ\lpng1621\projects\vstudio\pngunknown\debug library\vc140.pdb
c:\sdk\libpng\アーカイブ\lpng1621\projects\vstudio\pngunknown\debug library\bscmake.command.1.tlog
c:\sdk\libpng\アーカイブ\lpng1621\projects\vstudio\pngunknown\debug library\bscmake.read.1.tlog
c:\sdk\libpng\アーカイブ\lpng1621\projects\vstudio\pngunknown\debug library\bscmake.write.1.tlog
c:\sdk\libpng\アーカイブ\lpng1621\projects\vstudio\pngunknown\debug library\cl.command.1.tlog
c:\sdk\libpng\アーカイブ\lpng1621\projects\vstudio\pngunknown\debug library\cl.read.1.tlog
c:\sdk\libpng\アーカイブ\lpng1621\projects\vstudio\pngunknown\debug library\cl.write.1.tlog
c:\sdk\libpng\アーカイブ\lpng1621\projects\vstudio\pngunknown\debug library\link.command.1.tlog
c:\sdk\libpng\アーカイブ\lpng1621\projects\vstudio\pngunknown\debug library\link.read.1.tlog
c:\sdk\libpng\アーカイブ\lpng1621\projects\vstudio\pngunknown\debug library\link.write.1.tlog
c:\sdk\libpng\アーカイブ\lpng1621\projects\vstudio\pngunknown\debug library\mt.command.1.tlog
c:\sdk\libpng\アーカイブ\lpng1621\projects\vstudio\pngunknown\debug library\mt.read.1.tlog
c:\sdk\libpng\アーカイブ\lpng1621\projects\vstudio\pngunknown\debug library\mt.write.1.tlog
c:\sdk\libpng\アーカイブ\lpng1621\projects\vstudio\pngunknown\debug library\pngunknown.write.1.tlog
c:\sdk\libpng\アーカイブ\lpng1621\projects\vstudio\pngunknown\debug library\pngunknown.tlog\cl.command.1.tlog
c:\sdk\libpng\アーカイブ\lpng1621\projects\vstudio\pngunknown\debug library\pngunknown.tlog\cl.read.1.tlog
c:\sdk\libpng\アーカイブ\lpng1621\projects\vstudio\pngunknown\debug library\pngunknown.tlog\cl.write.1.tlog
c:\sdk\libpng\アーカイブ\lpng1621\projects\vstudio\pngunknown\debug library\pngunknown.tlog\link-cvtres.read.1.tlog
c:\sdk\libpng\アーカイブ\lpng1621\projects\vstudio\pngunknown\debug library\pngunknown.tlog\link-cvtres.write.1.tlog
c:\sdk\libpng\アーカイブ\lpng1621\projects\vstudio\pngunknown\debug library\pngunknown.tlog\link-rc.read.1.tlog
c:\sdk\libpng\アーカイブ\lpng1621\projects\vstudio\pngunknown\debug library\pngunknown.tlog\link-rc.write.1.tlog
c:\sdk\libpng\アーカイブ\lpng1621\projects\vstudio\pngunknown\debug library\pngunknown.tlog\link.command.1.tlog
c:\sdk\libpng\アーカイブ\lpng1621\projects\vstudio\pngunknown\debug library\pngunknown.tlog\link.read.1.tlog
c:\sdk\libpng\アーカイブ\lpng1621\projects\vstudio\pngunknown\debug library\pngunknown.tlog\link.write.1.tlog
