2016/05/13 2:00:51 にビルドを開始しました。
     1>ノード 3 上のプロジェクト "C:\sdk\libpng\アーカイブ\lpng1621\projects\vstudio\libpng\libpng.vcxproj" (build ターゲット)。
     1>InitializeBuildStatus:
         "AlwaysCreate" が指定されたため "Debug Library\libpng.unsuccessfulbuild" を作成しています。
       ClCompile:
         ファイル "Debug Library\libpng16.pch" を削除しています。
         c:\Program Files (x86)\Microsoft Visual Studio 10.0\VC\bin\CL.exe /c /I"..\..\..\..\zlib-1.2.8" /Zi /nologo /W4 /WX /Od /Oi /Oy- /D WIN32 /D _DEBUG /D _WINDOWS /D _MBCS /GF /Gm- /EHsc /RTC1 /MTd /GS /Gy /fp:precise /fp:except- /Zc:wchar_t- /Zc:forScope /Yc"pngpriv.h" /Fp"Debug Library\libpng16.pch" /Fo"Debug Library\\" /Fd"Debug Library\vc100.pdb" /FR"Debug Library\\" /Gd /TC /wd4996 /wd4127 /analyze- /errorReport:prompt ..\..\..\png.c
         png.c
         c:\Program Files (x86)\Microsoft Visual Studio 10.0\VC\bin\CL.exe /c /I"..\..\..\..\zlib-1.2.8" /Zi /nologo /W4 /WX /Od /Oi /Oy- /D WIN32 /D _DEBUG /D _WINDOWS /D _MBCS /GF /Gm- /EHsc /RTC1 /MTd /GS /Gy /fp:precise /fp:except- /Zc:wchar_t- /Zc:forScope /Yu"pngpriv.h" /Fp"Debug Library\libpng16.pch" /Fo"Debug Library\\" /Fd"Debug Library\vc100.pdb" /FR"Debug Library\\" /Gd /TC /wd4996 /wd4127 /analyze- /errorReport:prompt ..\..\..\pngerror.c ..\..\..\pngget.c ..\..\..\pngmem.c ..\..\..\pngpread.c ..\..\..\pngread.c ..\..\..\pngrio.c ..\..\..\pngrtran.c ..\..\..\pngrutil.c ..\..\..\pngset.c ..\..\..\pngtrans.c ..\..\..\pngwio.c ..\..\..\pngwrite.c ..\..\..\pngwtran.c ..\..\..\pngwutil.c
         pngerror.c
         pngget.c
         pngmem.c
         pngpread.c
         pngread.c
         pngrio.c
         pngrtran.c
         pngrutil.c
         pngset.c
         pngtrans.c
         pngwio.c
         pngwrite.c
         pngwtran.c
         pngwutil.c
         コードを生成中...
       Lib:
         c:\Program Files (x86)\Microsoft Visual Studio 10.0\VC\bin\Lib.exe /OUT:"C:\sdk\libpng\アーカイブ\lpng1621\projects\vstudio\Debug Library\libpng16.lib" /NOLOGO "Debug Library\png.obj"
         "Debug Library\pngerror.obj"
         "Debug Library\pngget.obj"
         "Debug Library\pngmem.obj"
         "Debug Library\pngpread.obj"
         "Debug Library\pngread.obj"
         "Debug Library\pngrio.obj"
         "Debug Library\pngrtran.obj"
         "Debug Library\pngrutil.obj"
         "Debug Library\pngset.obj"
         "Debug Library\pngtrans.obj"
         "Debug Library\pngwio.obj"
         "Debug Library\pngwrite.obj"
         "Debug Library\pngwtran.obj"
         "Debug Library\pngwutil.obj"
         libpng.vcxproj -> C:\sdk\libpng\アーカイブ\lpng1621\projects\vstudio\Debug Library\libpng16.lib
       BscMake:
         c:\Program Files (x86)\Microsoft Visual Studio 10.0\VC\bin\bscmake.exe /nologo /o"C:\sdk\libpng\アーカイブ\lpng1621\projects\vstudio\Debug Library\libpng16.bsc" "Debug Library\png.sbr" "Debug Library\pngerror.sbr" "Debug Library\pngget.sbr" "Debug Library\pngmem.sbr" "Debug Library\pngpread.sbr" "Debug Library\pngread.sbr" "Debug Library\pngrio.sbr" "Debug Library\pngrtran.sbr" "Debug Library\pngrutil.sbr" "Debug Library\pngset.sbr" "Debug Library\pngtrans.sbr" "Debug Library\pngwio.sbr" "Debug Library\pngwrite.sbr" "Debug Library\pngwtran.sbr" "Debug Library\pngwutil.sbr"
       FinalizeBuildStatus:
         ファイル "Debug Library\libpng.unsuccessfulbuild" を削除しています。
         "Debug Library\libpng.lastbuildstate" のタッチ タスクを実行しています。
     1>プロジェクト "C:\sdk\libpng\アーカイブ\lpng1621\projects\vstudio\libpng\libpng.vcxproj" (build ターゲット) のビルドが完了しました。

ビルドに成功しました。

経過時間 00:00:03.92
