c:\users\satoukibi2030\desktop\png読み込み用ライブラリ\lpng1621\projects\vstudio\debug library\libpng16.bsc
c:\sdk\libpng\アーカイブ\lpng1621\projects\vstudio\debug library\libpng16.bsc
c:\users\satoukibi2030\desktop\png読み込み用ライブラリ\lpng1621\projects\vstudio\libpng\debug library\libpng16.pch
c:\users\satoukibi2030\desktop\png読み込み用ライブラリ\lpng1621\projects\vstudio\libpng\debug library\png.sbr
c:\users\satoukibi2030\desktop\png読み込み用ライブラリ\lpng1621\projects\vstudio\libpng\debug library\png.obj
c:\users\satoukibi2030\desktop\png読み込み用ライブラリ\lpng1621\projects\vstudio\libpng\debug library\vc100.pdb
c:\users\satoukibi2030\desktop\png読み込み用ライブラリ\lpng1621\projects\vstudio\libpng\debug library\pngerror.sbr
c:\users\satoukibi2030\desktop\png読み込み用ライブラリ\lpng1621\projects\vstudio\libpng\debug library\pngget.sbr
c:\users\satoukibi2030\desktop\png読み込み用ライブラリ\lpng1621\projects\vstudio\libpng\debug library\pngmem.sbr
c:\users\satoukibi2030\desktop\png読み込み用ライブラリ\lpng1621\projects\vstudio\libpng\debug library\pngpread.sbr
c:\users\satoukibi2030\desktop\png読み込み用ライブラリ\lpng1621\projects\vstudio\libpng\debug library\pngread.sbr
c:\users\satoukibi2030\desktop\png読み込み用ライブラリ\lpng1621\projects\vstudio\libpng\debug library\pngrio.sbr
c:\users\satoukibi2030\desktop\png読み込み用ライブラリ\lpng1621\projects\vstudio\libpng\debug library\pngrtran.sbr
c:\users\satoukibi2030\desktop\png読み込み用ライブラリ\lpng1621\projects\vstudio\libpng\debug library\pngrutil.sbr
c:\users\satoukibi2030\desktop\png読み込み用ライブラリ\lpng1621\projects\vstudio\libpng\debug library\pngset.sbr
c:\users\satoukibi2030\desktop\png読み込み用ライブラリ\lpng1621\projects\vstudio\libpng\debug library\pngtrans.sbr
c:\users\satoukibi2030\desktop\png読み込み用ライブラリ\lpng1621\projects\vstudio\libpng\debug library\pngwio.sbr
c:\users\satoukibi2030\desktop\png読み込み用ライブラリ\lpng1621\projects\vstudio\libpng\debug library\pngwrite.sbr
c:\users\satoukibi2030\desktop\png読み込み用ライブラリ\lpng1621\projects\vstudio\libpng\debug library\pngwtran.sbr
c:\users\satoukibi2030\desktop\png読み込み用ライブラリ\lpng1621\projects\vstudio\libpng\debug library\pngwutil.sbr
c:\users\satoukibi2030\desktop\png読み込み用ライブラリ\lpng1621\projects\vstudio\libpng\debug library\pngwutil.obj
c:\users\satoukibi2030\desktop\png読み込み用ライブラリ\lpng1621\projects\vstudio\libpng\debug library\pngwtran.obj
c:\users\satoukibi2030\desktop\png読み込み用ライブラリ\lpng1621\projects\vstudio\libpng\debug library\pngwrite.obj
c:\users\satoukibi2030\desktop\png読み込み用ライブラリ\lpng1621\projects\vstudio\libpng\debug library\pngwio.obj
c:\users\satoukibi2030\desktop\png読み込み用ライブラリ\lpng1621\projects\vstudio\libpng\debug library\pngtrans.obj
c:\users\satoukibi2030\desktop\png読み込み用ライブラリ\lpng1621\projects\vstudio\libpng\debug library\pngset.obj
c:\users\satoukibi2030\desktop\png読み込み用ライブラリ\lpng1621\projects\vstudio\libpng\debug library\pngrutil.obj
c:\users\satoukibi2030\desktop\png読み込み用ライブラリ\lpng1621\projects\vstudio\libpng\debug library\pngrtran.obj
c:\users\satoukibi2030\desktop\png読み込み用ライブラリ\lpng1621\projects\vstudio\libpng\debug library\pngrio.obj
c:\users\satoukibi2030\desktop\png読み込み用ライブラリ\lpng1621\projects\vstudio\libpng\debug library\pngread.obj
c:\users\satoukibi2030\desktop\png読み込み用ライブラリ\lpng1621\projects\vstudio\libpng\debug library\pngpread.obj
c:\users\satoukibi2030\desktop\png読み込み用ライブラリ\lpng1621\projects\vstudio\libpng\debug library\pngmem.obj
c:\users\satoukibi2030\desktop\png読み込み用ライブラリ\lpng1621\projects\vstudio\libpng\debug library\pngget.obj
c:\users\satoukibi2030\desktop\png読み込み用ライブラリ\lpng1621\projects\vstudio\libpng\debug library\pngerror.obj
c:\sdk\libpng\アーカイブ\lpng1621\projects\vstudio\libpng\debug library\libpng16.pch
c:\sdk\libpng\アーカイブ\lpng1621\projects\vstudio\libpng\debug library\png.sbr
c:\sdk\libpng\アーカイブ\lpng1621\projects\vstudio\libpng\debug library\png.obj
c:\sdk\libpng\アーカイブ\lpng1621\projects\vstudio\libpng\debug library\vc100.pdb
c:\sdk\libpng\アーカイブ\lpng1621\projects\vstudio\libpng\debug library\pngerror.sbr
c:\sdk\libpng\アーカイブ\lpng1621\projects\vstudio\libpng\debug library\pngget.sbr
c:\sdk\libpng\アーカイブ\lpng1621\projects\vstudio\libpng\debug library\pngmem.sbr
c:\sdk\libpng\アーカイブ\lpng1621\projects\vstudio\libpng\debug library\pngpread.sbr
c:\sdk\libpng\アーカイブ\lpng1621\projects\vstudio\libpng\debug library\pngread.sbr
c:\sdk\libpng\アーカイブ\lpng1621\projects\vstudio\libpng\debug library\pngrio.sbr
c:\sdk\libpng\アーカイブ\lpng1621\projects\vstudio\libpng\debug library\pngrtran.sbr
c:\sdk\libpng\アーカイブ\lpng1621\projects\vstudio\libpng\debug library\pngrutil.sbr
c:\sdk\libpng\アーカイブ\lpng1621\projects\vstudio\libpng\debug library\pngset.sbr
c:\sdk\libpng\アーカイブ\lpng1621\projects\vstudio\libpng\debug library\pngtrans.sbr
c:\sdk\libpng\アーカイブ\lpng1621\projects\vstudio\libpng\debug library\pngwio.sbr
c:\sdk\libpng\アーカイブ\lpng1621\projects\vstudio\libpng\debug library\pngwrite.sbr
c:\sdk\libpng\アーカイブ\lpng1621\projects\vstudio\libpng\debug library\pngwtran.sbr
c:\sdk\libpng\アーカイブ\lpng1621\projects\vstudio\libpng\debug library\pngwutil.sbr
c:\sdk\libpng\アーカイブ\lpng1621\projects\vstudio\libpng\debug library\pngwutil.obj
c:\sdk\libpng\アーカイブ\lpng1621\projects\vstudio\libpng\debug library\pngwtran.obj
c:\sdk\libpng\アーカイブ\lpng1621\projects\vstudio\libpng\debug library\pngwrite.obj
c:\sdk\libpng\アーカイブ\lpng1621\projects\vstudio\libpng\debug library\pngwio.obj
c:\sdk\libpng\アーカイブ\lpng1621\projects\vstudio\libpng\debug library\pngtrans.obj
c:\sdk\libpng\アーカイブ\lpng1621\projects\vstudio\libpng\debug library\pngset.obj
c:\sdk\libpng\アーカイブ\lpng1621\projects\vstudio\libpng\debug library\pngrutil.obj
c:\sdk\libpng\アーカイブ\lpng1621\projects\vstudio\libpng\debug library\pngrtran.obj
c:\sdk\libpng\アーカイブ\lpng1621\projects\vstudio\libpng\debug library\pngrio.obj
c:\sdk\libpng\アーカイブ\lpng1621\projects\vstudio\libpng\debug library\pngread.obj
c:\sdk\libpng\アーカイブ\lpng1621\projects\vstudio\libpng\debug library\pngpread.obj
c:\sdk\libpng\アーカイブ\lpng1621\projects\vstudio\libpng\debug library\pngmem.obj
c:\sdk\libpng\アーカイブ\lpng1621\projects\vstudio\libpng\debug library\pngget.obj
c:\sdk\libpng\アーカイブ\lpng1621\projects\vstudio\libpng\debug library\pngerror.obj
c:\users\satoukibi2030\desktop\png読み込み用ライブラリ\lpng1621\projects\vstudio\debug library\libpng16.lib
c:\sdk\libpng\アーカイブ\lpng1621\projects\vstudio\debug library\libpng16.lib
c:\sdk\libpng\アーカイブ\lpng1621\projects\vstudio\libpng\debug library\libpng.pdb
c:\sdk\libpng\アーカイブ\lpng1621\projects\vstudio\libpng\debug library\bscmake.command.1.tlog
c:\sdk\libpng\アーカイブ\lpng1621\projects\vstudio\libpng\debug library\bscmake.read.1.tlog
c:\sdk\libpng\アーカイブ\lpng1621\projects\vstudio\libpng\debug library\bscmake.write.1.tlog
c:\sdk\libpng\アーカイブ\lpng1621\projects\vstudio\libpng\debug library\cl.command.1.tlog
c:\sdk\libpng\アーカイブ\lpng1621\projects\vstudio\libpng\debug library\cl.read.1.tlog
c:\sdk\libpng\アーカイブ\lpng1621\projects\vstudio\libpng\debug library\cl.write.1.tlog
c:\sdk\libpng\アーカイブ\lpng1621\projects\vstudio\libpng\debug library\lib-link.read.1.tlog
c:\sdk\libpng\アーカイブ\lpng1621\projects\vstudio\libpng\debug library\lib-link.write.1.tlog
c:\sdk\libpng\アーカイブ\lpng1621\projects\vstudio\libpng\debug library\lib.command.1.tlog
c:\sdk\libpng\アーカイブ\lpng1621\projects\vstudio\libpng\debug library\libpng.write.1.tlog
c:\sdk\libpng\アーカイブ\lpng1621\projects\vstudio\libpng\debug library\libpng.tlog\bscmake.command.1.tlog
c:\sdk\libpng\アーカイブ\lpng1621\projects\vstudio\libpng\debug library\libpng.tlog\bscmake.read.1.tlog
c:\sdk\libpng\アーカイブ\lpng1621\projects\vstudio\libpng\debug library\libpng.tlog\bscmake.write.1.tlog
c:\sdk\libpng\アーカイブ\lpng1621\projects\vstudio\libpng\debug library\libpng.tlog\cl.command.1.tlog
c:\sdk\libpng\アーカイブ\lpng1621\projects\vstudio\libpng\debug library\libpng.tlog\cl.read.1.tlog
c:\sdk\libpng\アーカイブ\lpng1621\projects\vstudio\libpng\debug library\libpng.tlog\cl.write.1.tlog
c:\sdk\libpng\アーカイブ\lpng1621\projects\vstudio\libpng\debug library\libpng.tlog\lib-link.read.1.tlog
c:\sdk\libpng\アーカイブ\lpng1621\projects\vstudio\libpng\debug library\libpng.tlog\lib-link.write.1.tlog
c:\sdk\libpng\アーカイブ\lpng1621\projects\vstudio\libpng\debug library\libpng.tlog\lib.command.1.tlog
