c:\users\satoukibi2030\desktop\png読み込み用ライブラリ\lpng1621\projects\vstudio\release library\libpng16.bsc
c:\sdk\libpng\アーカイブ\lpng1621\projects\vstudio\release library\libpng16.bsc
c:\users\satoukibi2030\desktop\png読み込み用ライブラリ\lpng1621\projects\vstudio\libpng\release library\libpng16.pch
c:\users\satoukibi2030\desktop\png読み込み用ライブラリ\lpng1621\projects\vstudio\libpng\release library\png.sbr
c:\users\satoukibi2030\desktop\png読み込み用ライブラリ\lpng1621\projects\vstudio\libpng\release library\png.obj
c:\users\satoukibi2030\desktop\png読み込み用ライブラリ\lpng1621\projects\vstudio\libpng\release library\vc100.pdb
c:\users\satoukibi2030\desktop\png読み込み用ライブラリ\lpng1621\projects\vstudio\libpng\release library\pngerror.sbr
c:\users\satoukibi2030\desktop\png読み込み用ライブラリ\lpng1621\projects\vstudio\libpng\release library\pngget.sbr
c:\users\satoukibi2030\desktop\png読み込み用ライブラリ\lpng1621\projects\vstudio\libpng\release library\pngmem.sbr
c:\users\satoukibi2030\desktop\png読み込み用ライブラリ\lpng1621\projects\vstudio\libpng\release library\pngpread.sbr
c:\users\satoukibi2030\desktop\png読み込み用ライブラリ\lpng1621\projects\vstudio\libpng\release library\pngread.sbr
c:\users\satoukibi2030\desktop\png読み込み用ライブラリ\lpng1621\projects\vstudio\libpng\release library\pngrio.sbr
c:\users\satoukibi2030\desktop\png読み込み用ライブラリ\lpng1621\projects\vstudio\libpng\release library\pngrtran.sbr
c:\users\satoukibi2030\desktop\png読み込み用ライブラリ\lpng1621\projects\vstudio\libpng\release library\pngrutil.sbr
c:\users\satoukibi2030\desktop\png読み込み用ライブラリ\lpng1621\projects\vstudio\libpng\release library\pngset.sbr
c:\users\satoukibi2030\desktop\png読み込み用ライブラリ\lpng1621\projects\vstudio\libpng\release library\pngtrans.sbr
c:\users\satoukibi2030\desktop\png読み込み用ライブラリ\lpng1621\projects\vstudio\libpng\release library\pngwio.sbr
c:\users\satoukibi2030\desktop\png読み込み用ライブラリ\lpng1621\projects\vstudio\libpng\release library\pngwrite.sbr
c:\users\satoukibi2030\desktop\png読み込み用ライブラリ\lpng1621\projects\vstudio\libpng\release library\pngwtran.sbr
c:\users\satoukibi2030\desktop\png読み込み用ライブラリ\lpng1621\projects\vstudio\libpng\release library\pngwutil.sbr
c:\users\satoukibi2030\desktop\png読み込み用ライブラリ\lpng1621\projects\vstudio\libpng\release library\pngwutil.obj
c:\users\satoukibi2030\desktop\png読み込み用ライブラリ\lpng1621\projects\vstudio\libpng\release library\pngwtran.obj
c:\users\satoukibi2030\desktop\png読み込み用ライブラリ\lpng1621\projects\vstudio\libpng\release library\pngwrite.obj
c:\users\satoukibi2030\desktop\png読み込み用ライブラリ\lpng1621\projects\vstudio\libpng\release library\pngwio.obj
c:\users\satoukibi2030\desktop\png読み込み用ライブラリ\lpng1621\projects\vstudio\libpng\release library\pngtrans.obj
c:\users\satoukibi2030\desktop\png読み込み用ライブラリ\lpng1621\projects\vstudio\libpng\release library\pngset.obj
c:\users\satoukibi2030\desktop\png読み込み用ライブラリ\lpng1621\projects\vstudio\libpng\release library\pngrutil.obj
c:\users\satoukibi2030\desktop\png読み込み用ライブラリ\lpng1621\projects\vstudio\libpng\release library\pngrtran.obj
c:\users\satoukibi2030\desktop\png読み込み用ライブラリ\lpng1621\projects\vstudio\libpng\release library\pngrio.obj
c:\users\satoukibi2030\desktop\png読み込み用ライブラリ\lpng1621\projects\vstudio\libpng\release library\pngread.obj
c:\users\satoukibi2030\desktop\png読み込み用ライブラリ\lpng1621\projects\vstudio\libpng\release library\pngpread.obj
c:\users\satoukibi2030\desktop\png読み込み用ライブラリ\lpng1621\projects\vstudio\libpng\release library\pngmem.obj
c:\users\satoukibi2030\desktop\png読み込み用ライブラリ\lpng1621\projects\vstudio\libpng\release library\pngget.obj
c:\users\satoukibi2030\desktop\png読み込み用ライブラリ\lpng1621\projects\vstudio\libpng\release library\pngerror.obj
c:\sdk\libpng\アーカイブ\lpng1621\projects\vstudio\libpng\release library\libpng16.pch
c:\sdk\libpng\アーカイブ\lpng1621\projects\vstudio\libpng\release library\png.sbr
c:\sdk\libpng\アーカイブ\lpng1621\projects\vstudio\libpng\release library\png.obj
c:\sdk\libpng\アーカイブ\lpng1621\projects\vstudio\libpng\release library\vc100.pdb
c:\sdk\libpng\アーカイブ\lpng1621\projects\vstudio\libpng\release library\pngerror.sbr
c:\sdk\libpng\アーカイブ\lpng1621\projects\vstudio\libpng\release library\pngget.sbr
c:\sdk\libpng\アーカイブ\lpng1621\projects\vstudio\libpng\release library\pngmem.sbr
c:\sdk\libpng\アーカイブ\lpng1621\projects\vstudio\libpng\release library\pngpread.sbr
c:\sdk\libpng\アーカイブ\lpng1621\projects\vstudio\libpng\release library\pngread.sbr
c:\sdk\libpng\アーカイブ\lpng1621\projects\vstudio\libpng\release library\pngrio.sbr
c:\sdk\libpng\アーカイブ\lpng1621\projects\vstudio\libpng\release library\pngrtran.sbr
c:\sdk\libpng\アーカイブ\lpng1621\projects\vstudio\libpng\release library\pngrutil.sbr
c:\sdk\libpng\アーカイブ\lpng1621\projects\vstudio\libpng\release library\pngset.sbr
c:\sdk\libpng\アーカイブ\lpng1621\projects\vstudio\libpng\release library\pngtrans.sbr
c:\sdk\libpng\アーカイブ\lpng1621\projects\vstudio\libpng\release library\pngwio.sbr
c:\sdk\libpng\アーカイブ\lpng1621\projects\vstudio\libpng\release library\pngwrite.sbr
c:\sdk\libpng\アーカイブ\lpng1621\projects\vstudio\libpng\release library\pngwtran.sbr
c:\sdk\libpng\アーカイブ\lpng1621\projects\vstudio\libpng\release library\pngwutil.sbr
c:\sdk\libpng\アーカイブ\lpng1621\projects\vstudio\libpng\release library\pngwutil.obj
c:\sdk\libpng\アーカイブ\lpng1621\projects\vstudio\libpng\release library\pngwtran.obj
c:\sdk\libpng\アーカイブ\lpng1621\projects\vstudio\libpng\release library\pngwrite.obj
c:\sdk\libpng\アーカイブ\lpng1621\projects\vstudio\libpng\release library\pngwio.obj
c:\sdk\libpng\アーカイブ\lpng1621\projects\vstudio\libpng\release library\pngtrans.obj
c:\sdk\libpng\アーカイブ\lpng1621\projects\vstudio\libpng\release library\pngset.obj
c:\sdk\libpng\アーカイブ\lpng1621\projects\vstudio\libpng\release library\pngrutil.obj
c:\sdk\libpng\アーカイブ\lpng1621\projects\vstudio\libpng\release library\pngrtran.obj
c:\sdk\libpng\アーカイブ\lpng1621\projects\vstudio\libpng\release library\pngrio.obj
c:\sdk\libpng\アーカイブ\lpng1621\projects\vstudio\libpng\release library\pngread.obj
c:\sdk\libpng\アーカイブ\lpng1621\projects\vstudio\libpng\release library\pngpread.obj
c:\sdk\libpng\アーカイブ\lpng1621\projects\vstudio\libpng\release library\pngmem.obj
c:\sdk\libpng\アーカイブ\lpng1621\projects\vstudio\libpng\release library\pngget.obj
c:\sdk\libpng\アーカイブ\lpng1621\projects\vstudio\libpng\release library\pngerror.obj
c:\users\satoukibi2030\desktop\png読み込み用ライブラリ\lpng1621\projects\vstudio\release library\libpng16.lib
c:\sdk\libpng\アーカイブ\lpng1621\projects\vstudio\release library\libpng16.lib
c:\sdk\libpng\アーカイブ\lpng1621\projects\vstudio\libpng\release library\libpng.pdb
c:\sdk\libpng\アーカイブ\lpng1621\projects\vstudio\libpng\release library\bscmake.command.1.tlog
c:\sdk\libpng\アーカイブ\lpng1621\projects\vstudio\libpng\release library\bscmake.read.1.tlog
c:\sdk\libpng\アーカイブ\lpng1621\projects\vstudio\libpng\release library\bscmake.write.1.tlog
c:\sdk\libpng\アーカイブ\lpng1621\projects\vstudio\libpng\release library\cl.command.1.tlog
c:\sdk\libpng\アーカイブ\lpng1621\projects\vstudio\libpng\release library\cl.read.1.tlog
c:\sdk\libpng\アーカイブ\lpng1621\projects\vstudio\libpng\release library\cl.write.1.tlog
c:\sdk\libpng\アーカイブ\lpng1621\projects\vstudio\libpng\release library\lib-link.read.1.tlog
c:\sdk\libpng\アーカイブ\lpng1621\projects\vstudio\libpng\release library\lib-link.write.1.tlog
c:\sdk\libpng\アーカイブ\lpng1621\projects\vstudio\libpng\release library\lib.command.1.tlog
c:\sdk\libpng\アーカイブ\lpng1621\projects\vstudio\libpng\release library\libpng.write.1.tlog
c:\sdk\libpng\アーカイブ\lpng1621\projects\vstudio\libpng\release library\libpng.tlog\bscmake.command.1.tlog
c:\sdk\libpng\アーカイブ\lpng1621\projects\vstudio\libpng\release library\libpng.tlog\bscmake.read.1.tlog
c:\sdk\libpng\アーカイブ\lpng1621\projects\vstudio\libpng\release library\libpng.tlog\bscmake.write.1.tlog
c:\sdk\libpng\アーカイブ\lpng1621\projects\vstudio\libpng\release library\libpng.tlog\cl.command.1.tlog
c:\sdk\libpng\アーカイブ\lpng1621\projects\vstudio\libpng\release library\libpng.tlog\cl.read.1.tlog
c:\sdk\libpng\アーカイブ\lpng1621\projects\vstudio\libpng\release library\libpng.tlog\cl.write.1.tlog
c:\sdk\libpng\アーカイブ\lpng1621\projects\vstudio\libpng\release library\libpng.tlog\lib-link.read.1.tlog
c:\sdk\libpng\アーカイブ\lpng1621\projects\vstudio\libpng\release library\libpng.tlog\lib-link.write.1.tlog
c:\sdk\libpng\アーカイブ\lpng1621\projects\vstudio\libpng\release library\libpng.tlog\lib.command.1.tlog
