c:\users\satoukibi2030\desktop\png読み込み用ライブラリ\lpng1621\projects\vstudio\release library\zlib.bsc
c:\sdk\libpng\アーカイブ\lpng1621\projects\vstudio\release library\zlib.bsc
c:\users\satoukibi2030\desktop\png読み込み用ライブラリ\lpng1621\projects\vstudio\zlib\release library\adler32.sbr
c:\users\satoukibi2030\desktop\png読み込み用ライブラリ\lpng1621\projects\vstudio\zlib\release library\compress.sbr
c:\users\satoukibi2030\desktop\png読み込み用ライブラリ\lpng1621\projects\vstudio\zlib\release library\crc32.sbr
c:\users\satoukibi2030\desktop\png読み込み用ライブラリ\lpng1621\projects\vstudio\zlib\release library\deflate.sbr
c:\users\satoukibi2030\desktop\png読み込み用ライブラリ\lpng1621\projects\vstudio\zlib\release library\infback.sbr
c:\users\satoukibi2030\desktop\png読み込み用ライブラリ\lpng1621\projects\vstudio\zlib\release library\inffast.sbr
c:\users\satoukibi2030\desktop\png読み込み用ライブラリ\lpng1621\projects\vstudio\zlib\release library\inflate.sbr
c:\users\satoukibi2030\desktop\png読み込み用ライブラリ\lpng1621\projects\vstudio\zlib\release library\inftrees.sbr
c:\users\satoukibi2030\desktop\png読み込み用ライブラリ\lpng1621\projects\vstudio\zlib\release library\trees.sbr
c:\users\satoukibi2030\desktop\png読み込み用ライブラリ\lpng1621\projects\vstudio\zlib\release library\uncompr.sbr
c:\users\satoukibi2030\desktop\png読み込み用ライブラリ\lpng1621\projects\vstudio\zlib\release library\zutil.sbr
c:\users\satoukibi2030\desktop\png読み込み用ライブラリ\lpng1621\projects\vstudio\zlib\release library\zutil.obj
c:\users\satoukibi2030\desktop\png読み込み用ライブラリ\lpng1621\projects\vstudio\zlib\release library\uncompr.obj
c:\users\satoukibi2030\desktop\png読み込み用ライブラリ\lpng1621\projects\vstudio\zlib\release library\trees.obj
c:\users\satoukibi2030\desktop\png読み込み用ライブラリ\lpng1621\projects\vstudio\zlib\release library\inftrees.obj
c:\users\satoukibi2030\desktop\png読み込み用ライブラリ\lpng1621\projects\vstudio\zlib\release library\inflate.obj
c:\users\satoukibi2030\desktop\png読み込み用ライブラリ\lpng1621\projects\vstudio\zlib\release library\inffast.obj
c:\users\satoukibi2030\desktop\png読み込み用ライブラリ\lpng1621\projects\vstudio\zlib\release library\infback.obj
c:\users\satoukibi2030\desktop\png読み込み用ライブラリ\lpng1621\projects\vstudio\zlib\release library\deflate.obj
c:\users\satoukibi2030\desktop\png読み込み用ライブラリ\lpng1621\projects\vstudio\zlib\release library\crc32.obj
c:\users\satoukibi2030\desktop\png読み込み用ライブラリ\lpng1621\projects\vstudio\zlib\release library\compress.obj
c:\users\satoukibi2030\desktop\png読み込み用ライブラリ\lpng1621\projects\vstudio\zlib\release library\adler32.obj
c:\users\satoukibi2030\desktop\png読み込み用ライブラリ\lpng1621\projects\vstudio\zlib\release library\vc100.pdb
c:\sdk\libpng\アーカイブ\lpng1621\projects\vstudio\zlib\release library\adler32.sbr
c:\sdk\libpng\アーカイブ\lpng1621\projects\vstudio\zlib\release library\compress.sbr
c:\sdk\libpng\アーカイブ\lpng1621\projects\vstudio\zlib\release library\crc32.sbr
c:\sdk\libpng\アーカイブ\lpng1621\projects\vstudio\zlib\release library\deflate.sbr
c:\sdk\libpng\アーカイブ\lpng1621\projects\vstudio\zlib\release library\infback.sbr
c:\sdk\libpng\アーカイブ\lpng1621\projects\vstudio\zlib\release library\inffast.sbr
c:\sdk\libpng\アーカイブ\lpng1621\projects\vstudio\zlib\release library\inflate.sbr
c:\sdk\libpng\アーカイブ\lpng1621\projects\vstudio\zlib\release library\inftrees.sbr
c:\sdk\libpng\アーカイブ\lpng1621\projects\vstudio\zlib\release library\trees.sbr
c:\sdk\libpng\アーカイブ\lpng1621\projects\vstudio\zlib\release library\uncompr.sbr
c:\sdk\libpng\アーカイブ\lpng1621\projects\vstudio\zlib\release library\zutil.sbr
c:\sdk\libpng\アーカイブ\lpng1621\projects\vstudio\zlib\release library\zutil.obj
c:\sdk\libpng\アーカイブ\lpng1621\projects\vstudio\zlib\release library\uncompr.obj
c:\sdk\libpng\アーカイブ\lpng1621\projects\vstudio\zlib\release library\trees.obj
c:\sdk\libpng\アーカイブ\lpng1621\projects\vstudio\zlib\release library\inftrees.obj
c:\sdk\libpng\アーカイブ\lpng1621\projects\vstudio\zlib\release library\inflate.obj
c:\sdk\libpng\アーカイブ\lpng1621\projects\vstudio\zlib\release library\inffast.obj
c:\sdk\libpng\アーカイブ\lpng1621\projects\vstudio\zlib\release library\infback.obj
c:\sdk\libpng\アーカイブ\lpng1621\projects\vstudio\zlib\release library\deflate.obj
c:\sdk\libpng\アーカイブ\lpng1621\projects\vstudio\zlib\release library\crc32.obj
c:\sdk\libpng\アーカイブ\lpng1621\projects\vstudio\zlib\release library\compress.obj
c:\sdk\libpng\アーカイブ\lpng1621\projects\vstudio\zlib\release library\adler32.obj
c:\sdk\libpng\アーカイブ\lpng1621\projects\vstudio\zlib\release library\vc100.pdb
c:\users\satoukibi2030\desktop\png読み込み用ライブラリ\lpng1621\projects\vstudio\release library\zlib.lib
c:\sdk\libpng\アーカイブ\lpng1621\projects\vstudio\release library\zlib.lib
c:\sdk\libpng\アーカイブ\lpng1621\projects\vstudio\zlib\release library\zlib.pdb
c:\sdk\libpng\アーカイブ\lpng1621\projects\vstudio\zlib\release library\bscmake.command.1.tlog
c:\sdk\libpng\アーカイブ\lpng1621\projects\vstudio\zlib\release library\bscmake.read.1.tlog
c:\sdk\libpng\アーカイブ\lpng1621\projects\vstudio\zlib\release library\bscmake.write.1.tlog
c:\sdk\libpng\アーカイブ\lpng1621\projects\vstudio\zlib\release library\cl.command.1.tlog
c:\sdk\libpng\アーカイブ\lpng1621\projects\vstudio\zlib\release library\cl.read.1.tlog
c:\sdk\libpng\アーカイブ\lpng1621\projects\vstudio\zlib\release library\cl.write.1.tlog
c:\sdk\libpng\アーカイブ\lpng1621\projects\vstudio\zlib\release library\lib-link.read.1.tlog
c:\sdk\libpng\アーカイブ\lpng1621\projects\vstudio\zlib\release library\lib-link.write.1.tlog
c:\sdk\libpng\アーカイブ\lpng1621\projects\vstudio\zlib\release library\lib.command.1.tlog
c:\sdk\libpng\アーカイブ\lpng1621\projects\vstudio\zlib\release library\zlib.write.1.tlog
c:\sdk\libpng\アーカイブ\lpng1621\projects\vstudio\zlib\release library\zlib.tlog\bscmake.command.1.tlog
c:\sdk\libpng\アーカイブ\lpng1621\projects\vstudio\zlib\release library\zlib.tlog\bscmake.read.1.tlog
c:\sdk\libpng\アーカイブ\lpng1621\projects\vstudio\zlib\release library\zlib.tlog\bscmake.write.1.tlog
c:\sdk\libpng\アーカイブ\lpng1621\projects\vstudio\zlib\release library\zlib.tlog\cl.command.1.tlog
c:\sdk\libpng\アーカイブ\lpng1621\projects\vstudio\zlib\release library\zlib.tlog\cl.read.1.tlog
c:\sdk\libpng\アーカイブ\lpng1621\projects\vstudio\zlib\release library\zlib.tlog\cl.write.1.tlog
c:\sdk\libpng\アーカイブ\lpng1621\projects\vstudio\zlib\release library\zlib.tlog\lib-link.read.1.tlog
c:\sdk\libpng\アーカイブ\lpng1621\projects\vstudio\zlib\release library\zlib.tlog\lib-link.write.1.tlog
c:\sdk\libpng\アーカイブ\lpng1621\projects\vstudio\zlib\release library\zlib.tlog\lib.command.1.tlog
