2016/05/13 2:00:49 にビルドを開始しました。
     1>ノード 3 上のプロジェクト "C:\sdk\libpng\アーカイブ\lpng1621\projects\vstudio\zlib\zlib.vcxproj" (build ターゲット)。
     1>InitializeBuildStatus:
         "AlwaysCreate" が指定されたため "Debug Library\zlib.unsuccessfulbuild" を作成しています。
       ClCompile:
         c:\Program Files (x86)\Microsoft Visual Studio 10.0\VC\bin\CL.exe /c /Zi /nologo /W0 /WX- /Od /Oy- /D WIN32 /D _DEBUG /D _WINDOWS /D Z_SOLO /Gm- /EHsc /MTd /GS /Gy /fp:precise /Zc:wchar_t /Zc:forScope /Fo"Debug Library\\" /Fd"Debug Library\vc100.pdb" /FR"Debug Library\\" /Gd /TC /analyze- /errorReport:prompt "..\..\..\..\zlib-1.2.8\adler32.c" "..\..\..\..\zlib-1.2.8\compress.c" "..\..\..\..\zlib-1.2.8\crc32.c" "..\..\..\..\zlib-1.2.8\deflate.c" "..\..\..\..\zlib-1.2.8\infback.c" "..\..\..\..\zlib-1.2.8\inffast.c" "..\..\..\..\zlib-1.2.8\inflate.c" "..\..\..\..\zlib-1.2.8\inftrees.c" "..\..\..\..\zlib-1.2.8\trees.c" "..\..\..\..\zlib-1.2.8\uncompr.c" "..\..\..\..\zlib-1.2.8\zutil.c"
         adler32.c
         compress.c
         crc32.c
         deflate.c
         infback.c
         inffast.c
         inflate.c
         inftrees.c
         trees.c
         uncompr.c
         zutil.c
         コードを生成中...
       Lib:
         c:\Program Files (x86)\Microsoft Visual Studio 10.0\VC\bin\Lib.exe /OUT:"C:\sdk\libpng\アーカイブ\lpng1621\projects\vstudio\Debug Library\zlib.lib" /NOLOGO "Debug Library\adler32.obj"
         "Debug Library\compress.obj"
         "Debug Library\crc32.obj"
         "Debug Library\deflate.obj"
         "Debug Library\infback.obj"
         "Debug Library\inffast.obj"
         "Debug Library\inflate.obj"
         "Debug Library\inftrees.obj"
         "Debug Library\trees.obj"
         "Debug Library\uncompr.obj"
         "Debug Library\zutil.obj"
         zlib.vcxproj -> C:\sdk\libpng\アーカイブ\lpng1621\projects\vstudio\Debug Library\zlib.lib
       BscMake:
         c:\Program Files (x86)\Microsoft Visual Studio 10.0\VC\bin\bscmake.exe /nologo /o"C:\sdk\libpng\アーカイブ\lpng1621\projects\vstudio\Debug Library\zlib.bsc" "Debug Library\adler32.sbr" "Debug Library\compress.sbr" "Debug Library\crc32.sbr" "Debug Library\deflate.sbr" "Debug Library\infback.sbr" "Debug Library\inffast.sbr" "Debug Library\inflate.sbr" "Debug Library\inftrees.sbr" "Debug Library\trees.sbr" "Debug Library\uncompr.sbr" "Debug Library\zutil.sbr"
       FinalizeBuildStatus:
         ファイル "Debug Library\zlib.unsuccessfulbuild" を削除しています。
         "Debug Library\zlib.lastbuildstate" のタッチ タスクを実行しています。
     1>プロジェクト "C:\sdk\libpng\アーカイブ\lpng1621\projects\vstudio\zlib\zlib.vcxproj" (build ターゲット) のビルドが完了しました。

ビルドに成功しました。

経過時間 00:00:01.74
